# JRE version: OpenJDK Runtime Environment (8.0_212-b04) (build 1.8.0_212-release-1586-b04)
# Java VM: OpenJDK 64-Bit Server VM (25.212-b04 mixed mode windows-amd64 compressed oops)
Heap:
 PSYoungGen      total 70656K, used 28360K [0x000000078b180000, 0x0000000790e80000, 0x00000007c0000000)
  eden space 64000K, 33% used [0x000000078b180000,0x000000078c6b7758,0x000000078f000000)
  from space 6656K, 99% used [0x0000000790800000,0x0000000790e7ac48,0x0000000790e80000)
  to   space 6656K, 0% used [0x0000000790180000,0x0000000790180000,0x0000000790800000)
 ParOldGen       total 72192K, used 49126K [0x0000000721400000, 0x0000000725a80000, 0x000000078b180000)
  object space 72192K, 68% used [0x0000000721400000,0x00000007243f9a38,0x0000000725a80000)
 Metaspace       used 49947K, capacity 51016K, committed 51120K, reserved 1093632K
  class space    used 6282K, capacity 6533K, committed 6576K, reserved 1048576K
GC Heap History (10 events):
Event: 2.817 GC heap before
{Heap before GC invocations=6 (full 1):
 PSYoungGen      total 70656K, used 56927K [0x000000078b180000, 0x0000000790e80000, 0x00000007c0000000)
  eden space 64000K, 78% used [0x000000078b180000,0x000000078e298688,0x000000078f000000)
  from space 6656K, 99% used [0x0000000790800000,0x0000000790e7f940,0x0000000790e80000)
  to   space 6656K, 0% used [0x0000000790180000,0x0000000790180000,0x0000000790800000)
 ParOldGen       total 72192K, used 9087K [0x0000000721400000, 0x0000000725a80000, 0x000000078b180000)
  object space 72192K, 12% used [0x0000000721400000,0x0000000721cdfcb0,0x0000000725a80000)
 Metaspace       used 34700K, capacity 35218K, committed 35496K, reserved 1081344K
  class space    used 4419K, capacity 4582K, committed 4656K, reserved 1048576K
Event: 2.829 GC heap after
Heap after GC invocations=6 (full 1):
 PSYoungGen      total 70656K, used 6635K [0x000000078b180000, 0x0000000790e80000, 0x00000007c0000000)
  eden space 64000K, 0% used [0x000000078b180000,0x000000078b180000,0x000000078f000000)
  from space 6656K, 99% used [0x0000000790180000,0x00000007907fadd8,0x0000000790800000)
  to   space 6656K, 0% used [0x0000000790800000,0x0000000790800000,0x0000000790e80000)
 ParOldGen       total 72192K, used 20833K [0x0000000721400000, 0x0000000725a80000, 0x000000078b180000)
  object space 72192K, 28% used [0x0000000721400000,0x0000000722858560,0x0000000725a80000)
 Metaspace       used 34700K, capacity 35218K, committed 35496K, reserved 1081344K
  class space    used 4419K, capacity 4582K, committed 4656K, reserved 1048576K
}
Event: 2.829 GC heap before
{Heap before GC invocations=7 (full 2):
 PSYoungGen      total 70656K, used 6635K [0x000000078b180000, 0x0000000790e80000, 0x00000007c0000000)
  eden space 64000K, 0% used [0x000000078b180000,0x000000078b180000,0x000000078f000000)
  from space 6656K, 99% used [0x0000000790180000,0x00000007907fadd8,0x0000000790800000)
  to   space 6656K, 0% used [0x0000000790800000,0x0000000790800000,0x0000000790e80000)
 ParOldGen       total 72192K, used 20833K [0x0000000721400000, 0x0000000725a80000, 0x000000078b180000)
  object space 72192K, 28% used [0x0000000721400000,0x0000000722858560,0x0000000725a80000)
 Metaspace       used 34700K, capacity 35218K, committed 35496K, reserved 1081344K
  class space    used 4419K, capacity 4582K, committed 4656K, reserved 1048576K
Event: 2.874 GC heap after
Heap after GC invocations=7 (full 2):
 PSYoungGen      total 70656K, used 0K [0x000000078b180000, 0x0000000790e80000, 0x00000007c0000000)
  eden space 64000K, 0% used [0x000000078b180000,0x000000078b180000,0x000000078f000000)
  from space 6656K, 0% used [0x0000000790180000,0x0000000790180000,0x0000000790800000)
  to   space 6656K, 0% used [0x0000000790800000,0x0000000790800000,0x0000000790e80000)
 ParOldGen       total 72192K, used 23797K [0x0000000721400000, 0x0000000725a80000, 0x000000078b180000)
  object space 72192K, 32% used [0x0000000721400000,0x0000000722b3d668,0x0000000725a80000)
 Metaspace       used 34700K, capacity 35218K, committed 35496K, reserved 1081344K
  class space    used 4419K, capacity 4582K, committed 4656K, reserved 1048576K
}
Event: 3.722 GC heap before
{Heap before GC invocations=8 (full 2):
 PSYoungGen      total 70656K, used 64000K [0x000000078b180000, 0x0000000790e80000, 0x00000007c0000000)
  eden space 64000K, 100% used [0x000000078b180000,0x000000078f000000,0x000000078f000000)
  from space 6656K, 0% used [0x0000000790180000,0x0000000790180000,0x0000000790800000)
  to   space 6656K, 0% used [0x0000000790800000,0x0000000790800000,0x0000000790e80000)
 ParOldGen       total 72192K, used 23797K [0x0000000721400000, 0x0000000725a80000, 0x000000078b180000)
  object space 72192K, 32% used [0x0000000721400000,0x0000000722b3d668,0x0000000725a80000)
 Metaspace       used 39755K, capacity 40440K, committed 40880K, reserved 1085440K
  class space    used 4995K, capacity 5171K, committed 5296K, reserved 1048576K
Event: 3.732 GC heap after
Heap after GC invocations=8 (full 2):
 PSYoungGen      total 70656K, used 6653K [0x000000078b180000, 0x0000000790e80000, 0x00000007c0000000)
  eden space 64000K, 0% used [0x000000078b180000,0x000000078b180000,0x000000078f000000)
  from space 6656K, 99% used [0x0000000790800000,0x0000000790e7f6c8,0x0000000790e80000)
  to   space 6656K, 0% used [0x0000000790180000,0x0000000790180000,0x0000000790800000)
 ParOldGen       total 72192K, used 29211K [0x0000000721400000, 0x0000000725a80000, 0x000000078b180000)
  object space 72192K, 40% used [0x0000000721400000,0x0000000723086c38,0x0000000725a80000)
 Metaspace       used 39755K, capacity 40440K, committed 40880K, reserved 1085440K
  class space    used 4995K, capacity 5171K, committed 5296K, reserved 1048576K
}
Event: 4.778 GC heap before
{Heap before GC invocations=9 (full 2):
 PSYoungGen      total 70656K, used 70653K [0x000000078b180000, 0x0000000790e80000, 0x00000007c0000000)
  eden space 64000K, 100% used [0x000000078b180000,0x000000078f000000,0x000000078f000000)
  from space 6656K, 99% used [0x0000000790800000,0x0000000790e7f6c8,0x0000000790e80000)
  to   space 6656K, 0% used [0x0000000790180000,0x0000000790180000,0x0000000790800000)
 ParOldGen       total 72192K, used 29211K [0x0000000721400000, 0x0000000725a80000, 0x000000078b180000)
  object space 72192K, 40% used [0x0000000721400000,0x0000000723086c38,0x0000000725a80000)
 Metaspace       used 42129K, capacity 42828K, committed 42928K, reserved 1087488K
  class space    used 5104K, capacity 5287K, committed 5296K, reserved 1048576K
Event: 4.799 GC heap after
Heap after GC invocations=9 (full 2):
 PSYoungGen      total 70656K, used 6650K [0x000000078b180000, 0x0000000790e80000, 0x00000007c0000000)
  eden space 64000K, 0% used [0x000000078b180000,0x000000078b180000,0x000000078f000000)
  from space 6656K, 99% used [0x0000000790180000,0x00000007907fea80,0x0000000790800000)
  to   space 6656K, 0% used [0x0000000790800000,0x0000000790800000,0x0000000790e80000)
 ParOldGen       total 72192K, used 41771K [0x0000000721400000, 0x0000000725a80000, 0x000000078b180000)
  object space 72192K, 57% used [0x0000000721400000,0x0000000723ccad70,0x0000000725a80000)
 Metaspace       used 42129K, capacity 42828K, committed 42928K, reserved 1087488K
  class space    used 5104K, capacity 5287K, committed 5296K, reserved 1048576K
}
Event: 5.470 GC heap before
{Heap before GC invocations=10 (full 2):
 PSYoungGen      total 70656K, used 70650K [0x000000078b180000, 0x0000000790e80000, 0x00000007c0000000)
  eden space 64000K, 100% used [0x000000078b180000,0x000000078f000000,0x000000078f000000)
  from space 6656K, 99% used [0x0000000790180000,0x00000007907fea80,0x0000000790800000)
  to   space 6656K, 0% used [0x0000000790800000,0x0000000790800000,0x0000000790e80000)
 ParOldGen       total 72192K, used 41771K [0x0000000721400000, 0x0000000725a80000, 0x000000078b180000)
  object space 72192K, 57% used [0x0000000721400000,0x0000000723ccad70,0x0000000725a80000)
 Metaspace       used 45401K, capacity 46252K, committed 46512K, reserved 1089536K
  class space    used 5509K, capacity 5693K, committed 5808K, reserved 1048576K
Event: 5.485 GC heap after
Heap after GC invocations=10 (full 2):
 PSYoungGen      total 70656K, used 6635K [0x000000078b180000, 0x0000000790e80000, 0x00000007c0000000)
  eden space 64000K, 0% used [0x000000078b180000,0x000000078b180000,0x000000078f000000)
  from space 6656K, 99% used [0x0000000790800000,0x0000000790e7ac48,0x0000000790e80000)
  to   space 6656K, 0% used [0x0000000790180000,0x0000000790180000,0x0000000790800000)
 ParOldGen       total 72192K, used 49126K [0x0000000721400000, 0x0000000725a80000, 0x000000078b180000)
  object space 72192K, 68% used [0x0000000721400000,0x00000007243f9a38,0x0000000725a80000)
 Metaspace       used 45401K, capacity 46252K, committed 46512K, reserved 1089536K
  class space    used 5509K, capacity 5693K, committed 5808K, reserved 1048576K
}

