# JRE version: OpenJDK Runtime Environment (8.0_212-b04) (build 1.8.0_212-release-1586-b04)
# Java VM: OpenJDK 64-Bit Server VM (25.212-b04 mixed mode windows-amd64 compressed oops)
Heap:
 PSYoungGen      total 88576K, used 40447K [0x000000078b180000, 0x0000000790e80000, 0x00000007c0000000)
  eden space 81920K, 41% used [0x000000078b180000,0x000000078d285f58,0x0000000790180000)
  from space 6656K, 99% used [0x0000000790180000,0x00000007907f9e98,0x0000000790800000)
  to   space 6656K, 0% used [0x0000000790800000,0x0000000790800000,0x0000000790e80000)
 ParOldGen       total 70656K, used 38487K [0x0000000721400000, 0x0000000725900000, 0x000000078b180000)
  object space 70656K, 54% used [0x0000000721400000,0x0000000723995c88,0x0000000725900000)
 Metaspace       used 47252K, capacity 48082K, committed 48384K, reserved 1093632K
  class space    used 5835K, capacity 6048K, committed 6144K, reserved 1048576K
GC Heap History (10 events):
Event: 2.864 GC heap before
{Heap before GC invocations=5 (full 1):
 PSYoungGen      total 88576K, used 81920K [0x000000078b180000, 0x0000000790e80000, 0x00000007c0000000)
  eden space 81920K, 100% used [0x000000078b180000,0x0000000790180000,0x0000000790180000)
  from space 6656K, 0% used [0x0000000790180000,0x0000000790180000,0x0000000790800000)
  to   space 6656K, 0% used [0x0000000790800000,0x0000000790800000,0x0000000790e80000)
 ParOldGen       total 70656K, used 6509K [0x0000000721400000, 0x0000000725900000, 0x000000078b180000)
  object space 70656K, 9% used [0x0000000721400000,0x0000000721a5b700,0x0000000725900000)
 Metaspace       used 32211K, capacity 32800K, committed 33024K, reserved 1077248K
  class space    used 4076K, capacity 4251K, committed 4352K, reserved 1048576K
Event: 2.878 GC heap after
Heap after GC invocations=5 (full 1):
 PSYoungGen      total 88576K, used 6626K [0x000000078b180000, 0x0000000790e80000, 0x00000007c0000000)
  eden space 81920K, 0% used [0x000000078b180000,0x000000078b180000,0x0000000790180000)
  from space 6656K, 99% used [0x0000000790800000,0x0000000790e78918,0x0000000790e80000)
  to   space 6656K, 0% used [0x0000000790180000,0x0000000790180000,0x0000000790800000)
 ParOldGen       total 70656K, used 19659K [0x0000000721400000, 0x0000000725900000, 0x000000078b180000)
  object space 70656K, 27% used [0x0000000721400000,0x0000000722732fc0,0x0000000725900000)
 Metaspace       used 32211K, capacity 32800K, committed 33024K, reserved 1077248K
  class space    used 4076K, capacity 4251K, committed 4352K, reserved 1048576K
}
Event: 3.169 GC heap before
{Heap before GC invocations=6 (full 1):
 PSYoungGen      total 88576K, used 18308K [0x000000078b180000, 0x0000000790e80000, 0x00000007c0000000)
  eden space 81920K, 14% used [0x000000078b180000,0x000000078bce8878,0x0000000790180000)
  from space 6656K, 99% used [0x0000000790800000,0x0000000790e78918,0x0000000790e80000)
  to   space 6656K, 0% used [0x0000000790180000,0x0000000790180000,0x0000000790800000)
 ParOldGen       total 70656K, used 19659K [0x0000000721400000, 0x0000000725900000, 0x000000078b180000)
  object space 70656K, 27% used [0x0000000721400000,0x0000000722732fc0,0x0000000725900000)
 Metaspace       used 34730K, capacity 35282K, committed 35496K, reserved 1081344K
  class space    used 4421K, capacity 4582K, committed 4608K, reserved 1048576K
Event: 3.176 GC heap after
Heap after GC invocations=6 (full 1):
 PSYoungGen      total 88576K, used 6635K [0x000000078b180000, 0x0000000790e80000, 0x00000007c0000000)
  eden space 81920K, 0% used [0x000000078b180000,0x000000078b180000,0x0000000790180000)
  from space 6656K, 99% used [0x0000000790180000,0x00000007907fadd8,0x0000000790800000)
  to   space 6656K, 0% used [0x0000000790800000,0x0000000790800000,0x0000000790e80000)
 ParOldGen       total 70656K, used 22324K [0x0000000721400000, 0x0000000725900000, 0x000000078b180000)
  object space 70656K, 31% used [0x0000000721400000,0x00000007229cd390,0x0000000725900000)
 Metaspace       used 34730K, capacity 35282K, committed 35496K, reserved 1081344K
  class space    used 4421K, capacity 4582K, committed 4608K, reserved 1048576K
}
Event: 3.176 GC heap before
{Heap before GC invocations=7 (full 2):
 PSYoungGen      total 88576K, used 6635K [0x000000078b180000, 0x0000000790e80000, 0x00000007c0000000)
  eden space 81920K, 0% used [0x000000078b180000,0x000000078b180000,0x0000000790180000)
  from space 6656K, 99% used [0x0000000790180000,0x00000007907fadd8,0x0000000790800000)
  to   space 6656K, 0% used [0x0000000790800000,0x0000000790800000,0x0000000790e80000)
 ParOldGen       total 70656K, used 22324K [0x0000000721400000, 0x0000000725900000, 0x000000078b180000)
  object space 70656K, 31% used [0x0000000721400000,0x00000007229cd390,0x0000000725900000)
 Metaspace       used 34730K, capacity 35282K, committed 35496K, reserved 1081344K
  class space    used 4421K, capacity 4582K, committed 4608K, reserved 1048576K
Event: 3.226 GC heap after
Heap after GC invocations=7 (full 2):
 PSYoungGen      total 88576K, used 0K [0x000000078b180000, 0x0000000790e80000, 0x00000007c0000000)
  eden space 81920K, 0% used [0x000000078b180000,0x000000078b180000,0x0000000790180000)
  from space 6656K, 0% used [0x0000000790180000,0x0000000790180000,0x0000000790800000)
  to   space 6656K, 0% used [0x0000000790800000,0x0000000790800000,0x0000000790e80000)
 ParOldGen       total 70656K, used 17050K [0x0000000721400000, 0x0000000725900000, 0x000000078b180000)
  object space 70656K, 24% used [0x0000000721400000,0x00000007224a6a30,0x0000000725900000)
 Metaspace       used 34730K, capacity 35282K, committed 35496K, reserved 1081344K
  class space    used 4421K, capacity 4582K, committed 4608K, reserved 1048576K
}
Event: 5.845 GC heap before
{Heap before GC invocations=8 (full 2):
 PSYoungGen      total 88576K, used 81920K [0x000000078b180000, 0x0000000790e80000, 0x00000007c0000000)
  eden space 81920K, 100% used [0x000000078b180000,0x0000000790180000,0x0000000790180000)
  from space 6656K, 0% used [0x0000000790180000,0x0000000790180000,0x0000000790800000)
  to   space 6656K, 0% used [0x0000000790800000,0x0000000790800000,0x0000000790e80000)
 ParOldGen       total 70656K, used 17050K [0x0000000721400000, 0x0000000725900000, 0x000000078b180000)
  object space 70656K, 24% used [0x0000000721400000,0x00000007224a6a30,0x0000000725900000)
 Metaspace       used 41039K, capacity 41756K, committed 41984K, reserved 1087488K
  class space    used 5076K, capacity 5253K, committed 5376K, reserved 1048576K
Event: 5.866 GC heap after
Heap after GC invocations=8 (full 2):
 PSYoungGen      total 88576K, used 6648K [0x000000078b180000, 0x0000000790e80000, 0x00000007c0000000)
  eden space 81920K, 0% used [0x000000078b180000,0x000000078b180000,0x0000000790180000)
  from space 6656K, 99% used [0x0000000790800000,0x0000000790e7e040,0x0000000790e80000)
  to   space 6656K, 0% used [0x0000000790180000,0x0000000790180000,0x0000000790800000)
 ParOldGen       total 70656K, used 26920K [0x0000000721400000, 0x0000000725900000, 0x000000078b180000)
  object space 70656K, 38% used [0x0000000721400000,0x0000000722e4a018,0x0000000725900000)
 Metaspace       used 41039K, capacity 41756K, committed 41984K, reserved 1087488K
  class space    used 5076K, capacity 5253K, committed 5376K, reserved 1048576K
}
Event: 6.794 GC heap before
{Heap before GC invocations=9 (full 2):
 PSYoungGen      total 88576K, used 88568K [0x000000078b180000, 0x0000000790e80000, 0x00000007c0000000)
  eden space 81920K, 100% used [0x000000078b180000,0x0000000790180000,0x0000000790180000)
  from space 6656K, 99% used [0x0000000790800000,0x0000000790e7e040,0x0000000790e80000)
  to   space 6656K, 0% used [0x0000000790180000,0x0000000790180000,0x0000000790800000)
 ParOldGen       total 70656K, used 26920K [0x0000000721400000, 0x0000000725900000, 0x000000078b180000)
  object space 70656K, 38% used [0x0000000721400000,0x0000000722e4a018,0x0000000725900000)
 Metaspace       used 42295K, capacity 43108K, committed 43264K, reserved 1087488K
  class space    used 5121K, capacity 5291K, committed 5376K, reserved 1048576K
Event: 6.810 GC heap after
Heap after GC invocations=9 (full 2):
 PSYoungGen      total 88576K, used 6631K [0x000000078b180000, 0x0000000790e80000, 0x00000007c0000000)
  eden space 81920K, 0% used [0x000000078b180000,0x000000078b180000,0x0000000790180000)
  from space 6656K, 99% used [0x0000000790180000,0x00000007907f9e98,0x0000000790800000)
  to   space 6656K, 0% used [0x0000000790800000,0x0000000790800000,0x0000000790e80000)
 ParOldGen       total 70656K, used 38487K [0x0000000721400000, 0x0000000725900000, 0x000000078b180000)
  object space 70656K, 54% used [0x0000000721400000,0x0000000723995c88,0x0000000725900000)
 Metaspace       used 42295K, capacity 43108K, committed 43264K, reserved 1087488K
  class space    used 5121K, capacity 5291K, committed 5376K, reserved 1048576K
}

